01 Aug 2020 | 10:26:15,233 | INFO  | main | ezyfoxserver.embedded.EzyEmbeddedStarter |     | settings: 
{
    "settings": {
        "nodeName": "ezyfox",
        "udp": {
            "channelPoolSize": 16,
            "codecCreator": "com.tvd12.ezyfox.codec.MsgPackCodecCreator",
            "address": "0.0.0.0",
            "maxRequestSize": 1024,
            "port": 2611,
            "active": false,
            "handlerThreadPoolSize": 5
        },
        "debug": false,
        "maxSessions": 999999,
        "sessionManagement": {
            "sessionMaxRequestPerSecond": {
                "action": "DROP_REQUEST",
                "value": 15
            },
            "sessionMaxIdleTime": 30000,
            "sessionMaxWaitingTimeInSecond": 30,
            "sessionMaxIdleTimeInSecond": 30,
            "sessionMaxWaitingTime": 30000
        },
        "logger": {
            "ignoredCommands": "[PONG, PING]"
        },
        "zones": {
            "size": 1,
            "zones": [{
                    "maxUsers": 999999,
                    "userManagement": {
                        "allowGuestLogin": false,
                        "userMaxIdleTime": 0,
                        "allowChangeSession": true,
                        "guestNamePrefix": "Guest#",
                        "maxSessionPerUser": 5,
                        "userMaxIdleTimeInSecond": 0,
                        "userNamePattern": "^[a-z0-9_.]{3,36}$"
                    },
                    "streaming": {
                        "enable": false
                    },
                    "plugins": {
                        "size": 1,
                        "plugins": [{
                                "listenEvents": "[]",
                                "folder": "rpc",
                                "threadPoolSize": 0,
                                "configFile": "",
                                "name": "rpc",
                                "entryLoader": "com.tvd12.quick.rpc.server.transport.RpcPluginEntryLoader",
                                "id": 1,
                                "priority": 0
                            }]
                    },
                    "configFile": "",
                    "name": "rpc",
                    "id": 1,
                    "eventControllers": {
                        "eventControllers": []
                    },
                    "applications": {
                        "size": 1,
                        "apps": [{
                                "maxUsers": 999999,
                                "folder": "rpc",
                                "threadPoolSize": 0,
                                "configFile": "",
                                "name": "rpc",
                                "entryLoader": "com.tvd12.quick.rpc.server.transport.RpcAppEntryLoader",
                                "id": 1
                            }]
                    }
                }]
        },
        "eventControllers": {
            "eventControllers": []
        },
        "streaming": {
            "enable": false
        },
        "threadPoolSize": {
            "extensionRequestHandler": 8,
            "codec": 3,
            "socketUserRemovalHandler": 3,
            "streamHandler": 8,
            "socketDisconnectionHandler": 2,
            "statistics": 1,
            "systemRequestHandler": 8
        },
        "websocket": {
            "codecCreator": "com.tvd12.ezyfox.codec.JacksonCodecCreator",
            "address": "0.0.0.0",
            "sslConfig": {
                "file": "ssl-config.properties",
                "loader": "com.tvd12.ezyfoxserver.ssl.EzySimpleSslConfigLoader",
                "contextFactoryBuilder": "com.tvd12.ezyfoxserver.ssl.EzySimpleSslContextFactoryBuilder"
            },
            "port": 2208,
            "sslActive": false,
            "active": true,
            "sslPort": 2812,
            "maxFrameSize": 32678,
            "writerThreadPoolSize": 8
        },
        "socket": {
            "codecCreator": "com.tvd12.ezyfox.codec.MsgPackCodecCreator",
            "address": "0.0.0.0",
            "maxRequestSize": 32768,
            "port": 3005,
            "active": true,
            "tcpNoDelay": false,
            "writerThreadPoolSize": 8
        },
        "admins": {
            "count": 0,
            "admins": []
        }
    },
    "version": "1.0.0",
    "config": {
        "loggerConfigFile": "default",
        "enableAppClassLoader": false,
        "ezyfoxHome": ""
    }
}
01 Aug 2020 | 10:26:16,197 | INFO  | main | tvd12.ezyfoxserver.EzyZonesStarter |     | start zones: [rpc]
01 Aug 2020 | 10:26:16,198 | INFO  | main | tvd12.ezyfoxserver.EzyZonesStarter |     | start all plugins ...
01 Aug 2020 | 10:26:16,202 | INFO  | main | tvd12.ezyfoxserver.EzyPluginsStarter |     | start plugins: [rpc]
01 Aug 2020 | 10:26:16,206 | INFO  | main | tvd12.ezyfoxserver.EzyZonesStarter |     | start all apps ...
01 Aug 2020 | 10:26:16,207 | INFO  | main | tvd12.ezyfoxserver.EzyAppsStarter |     | start apps: [rpc]
01 Aug 2020 | 10:26:16,313 | INFO  | main | jetty.util.log |     | Logging initialized @1845ms to org.eclipse.jetty.util.log.Slf4jLog
01 Aug 2020 | 10:26:16,495 | INFO  | main | jetty.server.Server |     | jetty-9.4.22.v20191022; built: 2019-10-22T13:37:13.455Z; git: b1e6b55512e008f7fbdf1cbea4ff8a6446d1073b; jvm 1.8.0_152-b16
01 Aug 2020 | 10:26:16,588 | INFO  | main | server.handler.ContextHandler |     | Started o.e.j.s.h.ContextHandler@3c87521{/ws,null,AVAILABLE}
01 Aug 2020 | 10:26:16,598 | INFO  | main | jetty.server.AbstractConnector |     | Started ServerConnector@32464a14{HTTP/1.1,[http/1.1]}{0.0.0.0:2208}
01 Aug 2020 | 10:26:16,598 | INFO  | main | jetty.server.Server |     | Started @2132ms
01 Aug 2020 | 10:26:16,650 | INFO  | main | ezyfoxserver.nio.EzyNioServerBootstrap |     | 

  ______ ________     ________ ______   __           _____  ______          _______     __
 |  ____|___  /\ \   / /  ____/ __ \ \ / /          |  __ \|  ____|   /\   |  __ \ \   / /
 | |__     / /  \ \_/ /| |__ | |  | \ V /   ______  | |__) | |__     /  \  | |  | \ \_/ / 
 |  __|   / /    \   / |  __|| |  | |> <   |______| |  _  /|  __|   / /\ \ | |  | |\   /  
 | |____ / /__    | |  | |   | |__| / . \           | | \ \| |____ / ____ \| |__| | | |   
 |______/_____|   |_|  |_|    \____/_/ \_\          |_|  \_\______/_/    \_\_____/  |_|   
                                                                                          
                                                                                          


01 Aug 2020 | 10:34:10,339 | INFO  | main | ezyfoxserver.embedded.EzyEmbeddedStarter |     | settings: 
{
    "settings": {
        "nodeName": "ezyfox",
        "udp": {
            "channelPoolSize": 16,
            "codecCreator": "com.tvd12.ezyfox.codec.MsgPackCodecCreator",
            "address": "0.0.0.0",
            "maxRequestSize": 1024,
            "port": 2611,
            "active": false,
            "handlerThreadPoolSize": 5
        },
        "debug": false,
        "maxSessions": 999999,
        "sessionManagement": {
            "sessionMaxRequestPerSecond": {
                "action": "DROP_REQUEST",
                "value": 15
            },
            "sessionMaxIdleTime": 30000,
            "sessionMaxWaitingTimeInSecond": 30,
            "sessionMaxIdleTimeInSecond": 30,
            "sessionMaxWaitingTime": 30000
        },
        "logger": {
            "ignoredCommands": "[PONG, PING]"
        },
        "zones": {
            "size": 1,
            "zones": [{
                    "maxUsers": 999999,
                    "userManagement": {
                        "allowGuestLogin": false,
                        "userMaxIdleTime": 0,
                        "allowChangeSession": true,
                        "guestNamePrefix": "Guest#",
                        "maxSessionPerUser": 5,
                        "userMaxIdleTimeInSecond": 0,
                        "userNamePattern": "^[a-z0-9_.]{3,36}$"
                    },
                    "streaming": {
                        "enable": false
                    },
                    "plugins": {
                        "size": 1,
                        "plugins": [{
                                "listenEvents": "[]",
                                "folder": "rpc",
                                "threadPoolSize": 0,
                                "configFile": "",
                                "name": "rpc",
                                "entryLoader": "com.tvd12.quick.rpc.server.transport.RpcPluginEntryLoader",
                                "id": 1,
                                "priority": 0
                            }]
                    },
                    "configFile": "",
                    "name": "rpc",
                    "id": 1,
                    "eventControllers": {
                        "eventControllers": []
                    },
                    "applications": {
                        "size": 1,
                        "apps": [{
                                "maxUsers": 999999,
                                "folder": "rpc",
                                "threadPoolSize": 0,
                                "configFile": "",
                                "name": "rpc",
                                "entryLoader": "com.tvd12.quick.rpc.server.transport.RpcAppEntryLoader",
                                "id": 1
                            }]
                    }
                }]
        },
        "eventControllers": {
            "eventControllers": []
        },
        "streaming": {
            "enable": false
        },
        "threadPoolSize": {
            "extensionRequestHandler": 8,
            "codec": 3,
            "socketUserRemovalHandler": 3,
            "streamHandler": 8,
            "socketDisconnectionHandler": 2,
            "statistics": 1,
            "systemRequestHandler": 8
        },
        "websocket": {
            "codecCreator": "com.tvd12.ezyfox.codec.JacksonCodecCreator",
            "address": "0.0.0.0",
            "sslConfig": {
                "file": "ssl-config.properties",
                "loader": "com.tvd12.ezyfoxserver.ssl.EzySimpleSslConfigLoader",
                "contextFactoryBuilder": "com.tvd12.ezyfoxserver.ssl.EzySimpleSslContextFactoryBuilder"
            },
            "port": 2208,
            "sslActive": false,
            "active": true,
            "sslPort": 2812,
            "maxFrameSize": 32678,
            "writerThreadPoolSize": 8
        },
        "socket": {
            "codecCreator": "com.tvd12.ezyfox.codec.MsgPackCodecCreator",
            "address": "0.0.0.0",
            "maxRequestSize": 32768,
            "port": 3005,
            "active": true,
            "tcpNoDelay": false,
            "writerThreadPoolSize": 8
        },
        "admins": {
            "count": 0,
            "admins": []
        }
    },
    "version": "1.0.0",
    "config": {
        "loggerConfigFile": "default",
        "enableAppClassLoader": false,
        "ezyfoxHome": ""
    }
}
01 Aug 2020 | 10:34:10,856 | INFO  | main | tvd12.ezyfoxserver.EzyZonesStarter |     | start zones: [rpc]
01 Aug 2020 | 10:34:10,857 | INFO  | main | tvd12.ezyfoxserver.EzyZonesStarter |     | start all plugins ...
01 Aug 2020 | 10:34:10,861 | INFO  | main | tvd12.ezyfoxserver.EzyPluginsStarter |     | start plugins: [rpc]
01 Aug 2020 | 10:34:10,866 | INFO  | main | tvd12.ezyfoxserver.EzyZonesStarter |     | start all apps ...
01 Aug 2020 | 10:34:10,867 | INFO  | main | tvd12.ezyfoxserver.EzyAppsStarter |     | start apps: [rpc]
01 Aug 2020 | 10:34:10,972 | INFO  | main | jetty.util.log |     | Logging initialized @1524ms to org.eclipse.jetty.util.log.Slf4jLog
01 Aug 2020 | 10:34:11,133 | INFO  | main | jetty.server.Server |     | jetty-9.4.22.v20191022; built: 2019-10-22T13:37:13.455Z; git: b1e6b55512e008f7fbdf1cbea4ff8a6446d1073b; jvm 1.8.0_152-b16
01 Aug 2020 | 10:34:11,201 | INFO  | main | server.handler.ContextHandler |     | Started o.e.j.s.h.ContextHandler@3c87521{/ws,null,AVAILABLE}
01 Aug 2020 | 10:34:11,212 | INFO  | main | jetty.server.AbstractConnector |     | Started ServerConnector@32464a14{HTTP/1.1,[http/1.1]}{0.0.0.0:2208}
01 Aug 2020 | 10:34:11,212 | INFO  | main | jetty.server.Server |     | Started @1766ms
01 Aug 2020 | 10:34:11,231 | INFO  | main | ezyfoxserver.nio.EzyNioServerBootstrap |     | 

  ______ ________     ________ ______   __           _____  ______          _______     __
 |  ____|___  /\ \   / /  ____/ __ \ \ / /          |  __ \|  ____|   /\   |  __ \ \   / /
 | |__     / /  \ \_/ /| |__ | |  | \ V /   ______  | |__) | |__     /  \  | |  | \ \_/ / 
 |  __|   / /    \   / |  __|| |  | |> <   |______| |  _  /|  __|   / /\ \ | |  | |\   /  
 | |____ / /__    | |  | |   | |__| / . \           | | \ \| |____ / ____ \| |__| | | |   
 |______/_____|   |_|  |_|    \____/_/ \_\          |_|  \_\______/_/    \_\_____/  |_|   
                                                                                          
                                                                                          


01 Aug 2020 | 10:36:26,498 | INFO  | main | ezyfoxserver.embedded.EzyEmbeddedStarter |     | settings: 
{
    "settings": {
        "nodeName": "ezyfox",
        "udp": {
            "channelPoolSize": 16,
            "codecCreator": "com.tvd12.ezyfox.codec.MsgPackCodecCreator",
            "address": "0.0.0.0",
            "maxRequestSize": 1024,
            "port": 2611,
            "active": false,
            "handlerThreadPoolSize": 5
        },
        "debug": false,
        "maxSessions": 999999,
        "sessionManagement": {
            "sessionMaxRequestPerSecond": {
                "action": "DROP_REQUEST",
                "value": 15
            },
            "sessionMaxIdleTime": 30000,
            "sessionMaxWaitingTimeInSecond": 30,
            "sessionMaxIdleTimeInSecond": 30,
            "sessionMaxWaitingTime": 30000
        },
        "logger": {
            "ignoredCommands": "[PONG, PING]"
        },
        "zones": {
            "size": 1,
            "zones": [{
                    "maxUsers": 999999,
                    "userManagement": {
                        "allowGuestLogin": false,
                        "userMaxIdleTime": 0,
                        "allowChangeSession": true,
                        "guestNamePrefix": "Guest#",
                        "maxSessionPerUser": 5,
                        "userMaxIdleTimeInSecond": 0,
                        "userNamePattern": "^[a-z0-9_.]{3,36}$"
                    },
                    "streaming": {
                        "enable": false
                    },
                    "plugins": {
                        "size": 1,
                        "plugins": [{
                                "listenEvents": "[]",
                                "folder": "rpc",
                                "threadPoolSize": 0,
                                "configFile": "",
                                "name": "rpc",
                                "entryLoader": "com.tvd12.quick.rpc.server.transport.RpcPluginEntryLoader",
                                "id": 1,
                                "priority": 0
                            }]
                    },
                    "configFile": "",
                    "name": "rpc",
                    "id": 1,
                    "eventControllers": {
                        "eventControllers": []
                    },
                    "applications": {
                        "size": 1,
                        "apps": [{
                                "maxUsers": 999999,
                                "folder": "rpc",
                                "threadPoolSize": 0,
                                "configFile": "",
                                "name": "rpc",
                                "entryLoader": "com.tvd12.quick.rpc.server.transport.RpcAppEntryLoader",
                                "id": 1
                            }]
                    }
                }]
        },
        "eventControllers": {
            "eventControllers": []
        },
        "streaming": {
            "enable": false
        },
        "threadPoolSize": {
            "extensionRequestHandler": 8,
            "codec": 3,
            "socketUserRemovalHandler": 3,
            "streamHandler": 8,
            "socketDisconnectionHandler": 2,
            "statistics": 1,
            "systemRequestHandler": 8
        },
        "websocket": {
            "codecCreator": "com.tvd12.ezyfox.codec.JacksonCodecCreator",
            "address": "0.0.0.0",
            "sslConfig": {
                "file": "ssl-config.properties",
                "loader": "com.tvd12.ezyfoxserver.ssl.EzySimpleSslConfigLoader",
                "contextFactoryBuilder": "com.tvd12.ezyfoxserver.ssl.EzySimpleSslContextFactoryBuilder"
            },
            "port": 2208,
            "sslActive": false,
            "active": true,
            "sslPort": 2812,
            "maxFrameSize": 32678,
            "writerThreadPoolSize": 8
        },
        "socket": {
            "codecCreator": "com.tvd12.ezyfox.codec.MsgPackCodecCreator",
            "address": "0.0.0.0",
            "maxRequestSize": 32768,
            "port": 3005,
            "active": true,
            "tcpNoDelay": false,
            "writerThreadPoolSize": 8
        },
        "admins": {
            "count": 0,
            "admins": []
        }
    },
    "version": "1.0.0",
    "config": {
        "loggerConfigFile": "default",
        "enableAppClassLoader": false,
        "ezyfoxHome": ""
    }
}
01 Aug 2020 | 10:36:28,796 | INFO  | main | tvd12.ezyfoxserver.EzyZonesStarter |     | start zones: [rpc]
01 Aug 2020 | 10:36:28,797 | INFO  | main | tvd12.ezyfoxserver.EzyZonesStarter |     | start all plugins ...
01 Aug 2020 | 10:36:28,803 | INFO  | main | tvd12.ezyfoxserver.EzyPluginsStarter |     | start plugins: [rpc]
01 Aug 2020 | 10:36:28,810 | INFO  | main | tvd12.ezyfoxserver.EzyZonesStarter |     | start all apps ...
01 Aug 2020 | 10:36:28,812 | INFO  | main | tvd12.ezyfoxserver.EzyAppsStarter |     | start apps: [rpc]
01 Aug 2020 | 10:36:29,183 | INFO  | main | jetty.util.log |     | Logging initialized @4822ms to org.eclipse.jetty.util.log.Slf4jLog
01 Aug 2020 | 10:36:29,648 | INFO  | main | jetty.server.Server |     | jetty-9.4.22.v20191022; built: 2019-10-22T13:37:13.455Z; git: b1e6b55512e008f7fbdf1cbea4ff8a6446d1073b; jvm 1.8.0_152-b16
01 Aug 2020 | 10:36:29,863 | INFO  | main | server.handler.ContextHandler |     | Started o.e.j.s.h.ContextHandler@3c87521{/ws,null,AVAILABLE}
01 Aug 2020 | 10:36:29,882 | INFO  | main | jetty.server.AbstractConnector |     | Started ServerConnector@32464a14{HTTP/1.1,[http/1.1]}{0.0.0.0:2208}
01 Aug 2020 | 10:36:29,883 | INFO  | main | jetty.server.Server |     | Started @5524ms
01 Aug 2020 | 10:36:29,914 | INFO  | main | ezyfoxserver.nio.EzyNioServerBootstrap |     | 

  ______ ________     ________ ______   __           _____  ______          _______     __
 |  ____|___  /\ \   / /  ____/ __ \ \ / /          |  __ \|  ____|   /\   |  __ \ \   / /
 | |__     / /  \ \_/ /| |__ | |  | \ V /   ______  | |__) | |__     /  \  | |  | \ \_/ / 
 |  __|   / /    \   / |  __|| |  | |> <   |______| |  _  /|  __|   / /\ \ | |  | |\   /  
 | |____ / /__    | |  | |   | |__| / . \           | | \ \| |____ / ____ \| |__| | | |   
 |______/_____|   |_|  |_|    \____/_/ \_\          |_|  \_\______/_/    \_\_____/  |_|   
                                                                                          
                                                                                          


01 Aug 2020 | 10:41:34,427 | INFO  | main | ezyfoxserver.embedded.EzyEmbeddedStarter |     | settings: 
{
    "settings": {
        "nodeName": "rpc",
        "udp": {
            "channelPoolSize": 16,
            "codecCreator": "com.tvd12.ezyfox.codec.MsgPackCodecCreator",
            "address": "0.0.0.0",
            "maxRequestSize": 1024,
            "port": 2611,
            "active": false,
            "handlerThreadPoolSize": 5
        },
        "debug": false,
        "maxSessions": 999999,
        "sessionManagement": {
            "sessionMaxRequestPerSecond": {
                "action": "DROP_REQUEST",
                "value": 15
            },
            "sessionMaxIdleTime": 30000,
            "sessionMaxWaitingTimeInSecond": 30,
            "sessionMaxIdleTimeInSecond": 30,
            "sessionMaxWaitingTime": 30000
        },
        "logger": {
            "ignoredCommands": "[PONG, PING]"
        },
        "zones": {
            "size": 1,
            "zones": [{
                    "maxUsers": 999999,
                    "userManagement": {
                        "allowGuestLogin": false,
                        "userMaxIdleTime": 0,
                        "allowChangeSession": true,
                        "guestNamePrefix": "Guest#",
                        "maxSessionPerUser": 5,
                        "userMaxIdleTimeInSecond": 0,
                        "userNamePattern": "^[a-z0-9_.]{3,36}$"
                    },
                    "streaming": {
                        "enable": false
                    },
                    "plugins": {
                        "size": 1,
                        "plugins": [{
                                "listenEvents": "[]",
                                "folder": "rpc",
                                "threadPoolSize": 0,
                                "configFile": "",
                                "name": "rpc",
                                "entryLoader": "com.tvd12.quick.rpc.server.transport.RpcPluginEntryLoader",
                                "id": 1,
                                "priority": 0
                            }]
                    },
                    "configFile": "",
                    "name": "rpc",
                    "id": 1,
                    "eventControllers": {
                        "eventControllers": []
                    },
                    "applications": {
                        "size": 1,
                        "apps": [{
                                "maxUsers": 999999,
                                "folder": "rpc",
                                "threadPoolSize": 0,
                                "configFile": "",
                                "name": "rpc",
                                "entryLoader": "com.tvd12.quick.rpc.server.transport.RpcAppEntryLoader",
                                "id": 1
                            }]
                    }
                }]
        },
        "eventControllers": {
            "eventControllers": []
        },
        "streaming": {
            "enable": false
        },
        "threadPoolSize": {
            "extensionRequestHandler": 8,
            "codec": 3,
            "socketUserRemovalHandler": 3,
            "streamHandler": 8,
            "socketDisconnectionHandler": 2,
            "statistics": 1,
            "systemRequestHandler": 8
        },
        "websocket": {
            "codecCreator": "com.tvd12.ezyfox.codec.JacksonCodecCreator",
            "address": "0.0.0.0",
            "sslConfig": {
                "file": "ssl-config.properties",
                "loader": "com.tvd12.ezyfoxserver.ssl.EzySimpleSslConfigLoader",
                "contextFactoryBuilder": "com.tvd12.ezyfoxserver.ssl.EzySimpleSslContextFactoryBuilder"
            },
            "port": 2208,
            "sslActive": false,
            "active": true,
            "sslPort": 2812,
            "maxFrameSize": 32678,
            "writerThreadPoolSize": 8
        },
        "socket": {
            "codecCreator": "com.tvd12.ezyfox.codec.MsgPackCodecCreator",
            "address": "0.0.0.0",
            "maxRequestSize": 32768,
            "port": 3005,
            "active": true,
            "tcpNoDelay": false,
            "writerThreadPoolSize": 8
        },
        "admins": {
            "count": 0,
            "admins": []
        }
    },
    "version": "1.0.0",
    "config": {
        "loggerConfigFile": "default",
        "enableAppClassLoader": false,
        "ezyfoxHome": ""
    }
}
01 Aug 2020 | 10:41:34,965 | INFO  | main | tvd12.ezyfoxserver.EzyZonesStarter |     | start zones: [rpc]
01 Aug 2020 | 10:41:34,965 | INFO  | main | tvd12.ezyfoxserver.EzyZonesStarter |     | start all plugins ...
01 Aug 2020 | 10:41:34,969 | INFO  | main | tvd12.ezyfoxserver.EzyPluginsStarter |     | start plugins: [rpc]
01 Aug 2020 | 10:41:34,974 | INFO  | main | tvd12.ezyfoxserver.EzyZonesStarter |     | start all apps ...
01 Aug 2020 | 10:41:34,975 | INFO  | main | tvd12.ezyfoxserver.EzyAppsStarter |     | start apps: [rpc]
01 Aug 2020 | 10:41:35,073 | INFO  | main | jetty.util.log |     | Logging initialized @1354ms to org.eclipse.jetty.util.log.Slf4jLog
01 Aug 2020 | 10:41:35,277 | INFO  | main | jetty.server.Server |     | jetty-9.4.22.v20191022; built: 2019-10-22T13:37:13.455Z; git: b1e6b55512e008f7fbdf1cbea4ff8a6446d1073b; jvm 1.8.0_152-b16
01 Aug 2020 | 10:41:35,330 | INFO  | main | server.handler.ContextHandler |     | Started o.e.j.s.h.ContextHandler@14a2f921{/ws,null,AVAILABLE}
01 Aug 2020 | 10:41:35,344 | INFO  | main | jetty.server.AbstractConnector |     | Started ServerConnector@6e2c9341{HTTP/1.1,[http/1.1]}{0.0.0.0:2208}
01 Aug 2020 | 10:41:35,345 | INFO  | main | jetty.server.Server |     | Started @1628ms
01 Aug 2020 | 10:41:35,362 | INFO  | main | ezyfoxserver.nio.EzyNioServerBootstrap |     | 

   ____  _  _______  _____   _____      _____  ______          _______     __
  / __ \| |/ /  __ \|  __ \ / ____|    |  __ \|  ____|   /\   |  __ \ \   / /
 | |  | | ' /| |__) | |__) | |   ______| |__) | |__     /  \  | |  | \ \_/ / 
 | |  | |  < |  _  /|  ___/| |  |______|  _  /|  __|   / /\ \ | |  | |\   /  
 | |__| | . \| | \ \| |    | |____     | | \ \| |____ / ____ \| |__| | | |   
  \___\_\_|\_\_|  \_\_|     \_____|    |_|  \_\______/_/    \_\_____/  |_|   
                                                                             
                                                                             


01 Aug 2020 | 10:58:22,927 | INFO  | main | ezyfoxserver.embedded.EzyEmbeddedStarter |     | settings: 
{
    "settings": {
        "nodeName": "rpc",
        "udp": {
            "channelPoolSize": 16,
            "codecCreator": "com.tvd12.ezyfox.codec.MsgPackCodecCreator",
            "address": "0.0.0.0",
            "maxRequestSize": 1024,
            "port": 2611,
            "active": false,
            "handlerThreadPoolSize": 5
        },
        "debug": false,
        "maxSessions": 999999,
        "sessionManagement": {
            "sessionMaxRequestPerSecond": {
                "action": "DROP_REQUEST",
                "value": 15
            },
            "sessionMaxIdleTime": 30000,
            "sessionMaxWaitingTimeInSecond": 30,
            "sessionMaxIdleTimeInSecond": 30,
            "sessionMaxWaitingTime": 30000
        },
        "logger": {
            "ignoredCommands": "[PONG, PING]"
        },
        "zones": {
            "size": 1,
            "zones": [{
                    "maxUsers": 999999,
                    "userManagement": {
                        "allowGuestLogin": false,
                        "userMaxIdleTime": 0,
                        "allowChangeSession": true,
                        "guestNamePrefix": "Guest#",
                        "maxSessionPerUser": 5,
                        "userMaxIdleTimeInSecond": 0,
                        "userNamePattern": "^[a-z0-9_.]{3,36}$"
                    },
                    "streaming": {
                        "enable": false
                    },
                    "plugins": {
                        "size": 1,
                        "plugins": [{
                                "listenEvents": "[]",
                                "folder": "rpc",
                                "threadPoolSize": 0,
                                "configFile": "",
                                "name": "rpc",
                                "entryLoader": "com.tvd12.quick.rpc.server.transport.RpcPluginEntryLoader",
                                "id": 1,
                                "priority": 0
                            }]
                    },
                    "configFile": "",
                    "name": "rpc",
                    "id": 1,
                    "eventControllers": {
                        "eventControllers": []
                    },
                    "applications": {
                        "size": 1,
                        "apps": [{
                                "maxUsers": 999999,
                                "folder": "rpc",
                                "threadPoolSize": 0,
                                "configFile": "",
                                "name": "rpc",
                                "entryLoader": "com.tvd12.quick.rpc.server.transport.RpcAppEntryLoader",
                                "id": 1
                            }]
                    }
                }]
        },
        "eventControllers": {
            "eventControllers": []
        },
        "streaming": {
            "enable": false
        },
        "threadPoolSize": {
            "extensionRequestHandler": 8,
            "codec": 3,
            "socketUserRemovalHandler": 3,
            "streamHandler": 8,
            "socketDisconnectionHandler": 2,
            "statistics": 1,
            "systemRequestHandler": 8
        },
        "websocket": {
            "codecCreator": "com.tvd12.ezyfox.codec.JacksonCodecCreator",
            "address": "0.0.0.0",
            "sslConfig": {
                "file": "ssl-config.properties",
                "loader": "com.tvd12.ezyfoxserver.ssl.EzySimpleSslConfigLoader",
                "contextFactoryBuilder": "com.tvd12.ezyfoxserver.ssl.EzySimpleSslContextFactoryBuilder"
            },
            "port": 2208,
            "sslActive": false,
            "active": true,
            "sslPort": 2812,
            "maxFrameSize": 32678,
            "writerThreadPoolSize": 8
        },
        "socket": {
            "codecCreator": "com.tvd12.ezyfox.codec.MsgPackCodecCreator",
            "address": "0.0.0.0",
            "maxRequestSize": 32768,
            "port": 3005,
            "active": true,
            "tcpNoDelay": false,
            "writerThreadPoolSize": 8
        },
        "admins": {
            "count": 1,
            "admins": [{
                    "password": "*******",
                    "accessToken": "*******",
                    "username": "root"
                }]
        }
    },
    "version": "1.0.0",
    "config": {
        "loggerConfigFile": "default",
        "enableAppClassLoader": false,
        "ezyfoxHome": ""
    }
}
01 Aug 2020 | 10:58:24,025 | INFO  | main | tvd12.ezyfoxserver.EzyZonesStarter |     | start zones: [rpc]
01 Aug 2020 | 10:58:24,025 | INFO  | main | tvd12.ezyfoxserver.EzyZonesStarter |     | start all plugins ...
01 Aug 2020 | 10:58:24,032 | INFO  | main | tvd12.ezyfoxserver.EzyPluginsStarter |     | start plugins: [rpc]
01 Aug 2020 | 10:58:24,037 | INFO  | main | tvd12.ezyfoxserver.EzyZonesStarter |     | start all apps ...
01 Aug 2020 | 10:58:24,038 | INFO  | main | tvd12.ezyfoxserver.EzyAppsStarter |     | start apps: [rpc]
01 Aug 2020 | 10:58:24,181 | INFO  | main | jetty.util.log |     | Logging initialized @2369ms to org.eclipse.jetty.util.log.Slf4jLog
01 Aug 2020 | 10:58:24,468 | INFO  | main | jetty.server.Server |     | jetty-9.4.22.v20191022; built: 2019-10-22T13:37:13.455Z; git: b1e6b55512e008f7fbdf1cbea4ff8a6446d1073b; jvm 1.8.0_152-b16
01 Aug 2020 | 10:58:24,627 | INFO  | main | server.handler.ContextHandler |     | Started o.e.j.s.h.ContextHandler@14a2f921{/ws,null,AVAILABLE}
01 Aug 2020 | 10:58:24,675 | INFO  | main | jetty.server.AbstractConnector |     | Started ServerConnector@6e2c9341{HTTP/1.1,[http/1.1]}{0.0.0.0:2208}
01 Aug 2020 | 10:58:24,675 | INFO  | main | jetty.server.Server |     | Started @2866ms
01 Aug 2020 | 10:58:24,719 | INFO  | main | ezyfoxserver.nio.EzyNioServerBootstrap |     | 

   ____  _  _______  _____   _____      _____  ______          _______     __
  / __ \| |/ /  __ \|  __ \ / ____|    |  __ \|  ____|   /\   |  __ \ \   / /
 | |  | | ' /| |__) | |__) | |   ______| |__) | |__     /  \  | |  | \ \_/ / 
 | |  | |  < |  _  /|  ___/| |  |______|  _  /|  __|   / /\ \ | |  | |\   /  
 | |__| | . \| | \ \| |    | |____     | | \ \| |____ / ____ \| |__| | | |   
  \___\_\_|\_\_|  \_\_|     \_____|    |_|  \_\______/_/    \_\_____/  |_|   
                                                                             
                                                                             


